<?xml version="1.0" encoding="UTF-8"?>
<testng-results ignored="0" total="1" passed="1" failed="0" skipped="0">
  <reporter-output>
  </reporter-output>
  <suite started-at="2025-05-27T01:23:43 IST" name="Default suite" finished-at="2025-05-27T01:24:05 IST" duration-ms="21532">
    <groups>
    </groups>
    <test started-at="2025-05-27T01:23:43 IST" name="Default test" finished-at="2025-05-27T01:24:05 IST" duration-ms="21532">
      <class name="TestCases.TC_005_Verify_TestCase_Page">
        <test-method is-config="true" signature="setup()[pri:0, instance:TestCases.TC_005_Verify_TestCase_Page@f5acb9d]" started-at="2025-05-27T01:23:43 IST" name="setup" finished-at="2025-05-27T01:23:51 IST" duration-ms="7980" status="PASS">
          <reporter-output>
          </reporter-output>
        </test-method> <!-- setup -->
        <test-method signature="testCount()[pri:0, instance:TestCases.TC_005_Verify_TestCase_Page@f5acb9d]" started-at="2025-05-27T01:23:51 IST" name="testCount" finished-at="2025-05-27T01:23:55 IST" duration-ms="3434" status="PASS">
          <reporter-output>
          </reporter-output>
        </test-method> <!-- testCount -->
        <test-method is-config="true" signature="teardown()[pri:0, instance:TestCases.TC_005_Verify_TestCase_Page@f5acb9d]" started-at="2025-05-27T01:23:55 IST" name="teardown" finished-at="2025-05-27T01:24:05 IST" duration-ms="10091" status="PASS">
          <reporter-output>
          </reporter-output>
        </test-method> <!-- teardown -->
      </class> <!-- TestCases.TC_005_Verify_TestCase_Page -->
    </test> <!-- Default test -->
  </suite> <!-- Default suite -->
</testng-results>
